生成启动时间为 2018/10/9 13:44:38。
     1>项目“F:\C++程序\DesignMode\decorate\decorate\decorate.vcxproj”在节点 2 上(Build 个目标)。
     1>ClCompile:
         C:\Program Files (x86)\Microsoft Visual Studio 12.0\VC\bin\CL.exe /c /ZI /nologo /W3 /WX- /sdl /Od /Oy- /D WIN32 /D _DEBUG /D _CONSOLE /D _LIB /D _UNICODE /D UNICODE /Gm /EHsc /RTC1 /MDd /GS /fp:precise /Zc:wchar_t /Zc:forScope /Yu"stdafx.h" /Fp"Debug\decorate.pch" /Fo"Debug\\" /Fd"Debug\vc120.pdb" /Gd /TP /analyze- /errorReport:prompt Soy.cpp main.cpp
         main.cpp
         Soy.cpp
     1>f:\c++程序\designmode\decorate\decorate\soy.cpp(16): warning C4244: “return”: 从“double”转换到“float”，可能丢失数据
         正在生成代码...
       Link:
         C:\Program Files (x86)\Microsoft Visual Studio 12.0\VC\bin\link.exe /ERRORREPORT:PROMPT /OUT:"F:\C++程序\DesignMode\decorate\Debug\decorate.exe" /INCREMENTAL /NOLOGO kernel32.lib user32.lib gdi32.lib winspool.lib comdlg32.lib advapi32.lib shell32.lib ole32.lib oleaut32.lib uuid.lib odbc32.lib odbccp32.lib /MANIFEST /MANIFESTUAC:"level='asInvoker' uiAccess='false'" /manifest:embed /DEBUG /PDB:"F:\C++程序\DesignMode\decorate\Debug\decorate.pdb" /SUBSYSTEM:CONSOLE /TLBID:1 /DYNAMICBASE /NXCOMPAT /IMPLIB:"F:\C++程序\DesignMode\decorate\Debug\decorate.lib" /MACHINE:X86 Debug\Beverage.obj
         Debug\CondimentDecorator.obj
         Debug\DarkRoast.obj
         Debug\Espresso.obj
         Debug\HouseBlend.obj
         Debug\main.obj
         Debug\Mocha.obj
         Debug\Soy.obj
         Debug\stdafx.obj
         Debug\Whip.obj
         decorate.vcxproj -> F:\C++程序\DesignMode\decorate\Debug\decorate.exe
     1>已完成生成项目“F:\C++程序\DesignMode\decorate\decorate\decorate.vcxproj”(Build 个目标)的操作。

生成成功。

已用时间 00:00:00.84
