生成启动时间为 2018/10/13 14:15:15。
     1>项目“F:\C++程序\DesignMode\command(remote)\command\command.vcxproj”在节点 2 上(Build 个目标)。
     1>C:\Program Files (x86)\MSBuild\Microsoft.Cpp\v4.0\V120\Microsoft.CppBuild.targets(388,5): warning MSB8028: The intermediate directory (Debug\) contains files shared from another project (command.vcxproj).  This can lead to incorrect clean and rebuild behavior.
     1>ClCompile:
         C:\Program Files (x86)\Microsoft Visual Studio 12.0\VC\bin\CL.exe /c /ZI /nologo /W3 /WX- /sdl /Od /Oy- /D WIN32 /D _DEBUG /D _CONSOLE /D _LIB /D _UNICODE /D UNICODE /Gm /EHsc /RTC1 /MDd /GS /fp:precise /Zc:wchar_t /Zc:forScope /Yu"stdafx.h" /Fp"Debug\remotecommand.pch" /Fo"Debug\\" /Fd"Debug\vc120.pdb" /Gd /TP /analyze- /errorReport:prompt Stereo.cpp
         Stereo.cpp
       Link:
         C:\Program Files (x86)\Microsoft Visual Studio 12.0\VC\bin\link.exe /ERRORREPORT:PROMPT /OUT:"F:\C++程序\DesignMode\command(remote)\Debug\remotecommand.exe" /INCREMENTAL /NOLOGO kernel32.lib user32.lib gdi32.lib winspool.lib comdlg32.lib advapi32.lib shell32.lib ole32.lib oleaut32.lib uuid.lib odbc32.lib odbccp32.lib /MANIFEST /MANIFESTUAC:"level='asInvoker' uiAccess='false'" /manifest:embed /DEBUG /PDB:"F:\C++程序\DesignMode\command(remote)\Debug\remotecommand.pdb" /SUBSYSTEM:CONSOLE /TLBID:1 /DYNAMICBASE /NXCOMPAT /IMPLIB:"F:\C++程序\DesignMode\command(remote)\Debug\remotecommand.lib" /MACHINE:X86 Debug\CeilingFan.obj
         Debug\CeilingFanOffCommand.obj
         Debug\CeilingFanOnCommand.obj
         Debug\Command.obj
         Debug\GarageDoor.obj
         Debug\GarageDoorCloseCommand.obj
         Debug\GarageDoorOpenCommand.obj
         Debug\Light.obj
         Debug\LightOffCommand.obj
         Debug\LightOnCommand.obj
         Debug\LivingRoomLightOffCommand.obj
         Debug\LivingRoomLightOnCommand.obj
         Debug\main.obj
         Debug\NoCommand.obj
         Debug\RemoteControl.obj
         Debug\stdafx.obj
         Debug\StereoOffCommand.obj
         Debug\StereoOnWithCDCommand.obj
         Debug\Stereo.obj
         command.vcxproj -> F:\C++程序\DesignMode\command(remote)\Debug\remotecommand.exe
     1>已完成生成项目“F:\C++程序\DesignMode\command(remote)\command\command.vcxproj”(Build 个目标)的操作。

生成成功。

已用时间 00:00:00.82
