生成启动时间为 2018/10/15 16:09:38。
     1>项目“F:\C++程序\DesignMode\facade\facade\facade.vcxproj”在节点 2 上(Build 个目标)。
     1>ClCompile:
         C:\Program Files (x86)\Microsoft Visual Studio 12.0\VC\bin\CL.exe /c /ZI /nologo /W3 /WX- /sdl /Od /Oy- /D WIN32 /D _DEBUG /D _CONSOLE /D _LIB /D _UNICODE /D UNICODE /Gm /EHsc /RTC1 /MDd /GS /fp:precise /Zc:wchar_t /Zc:forScope /Yc"stdafx.h" /Fp"Debug\facade.pch" /Fo"Debug\\" /Fd"Debug\vc120.pdb" /Gd /TP /analyze- /errorReport:prompt stdafx.cpp
         stdafx.cpp
         C:\Program Files (x86)\Microsoft Visual Studio 12.0\VC\bin\CL.exe /c /ZI /nologo /W3 /WX- /sdl /Od /Oy- /D WIN32 /D _DEBUG /D _CONSOLE /D _LIB /D _UNICODE /D UNICODE /Gm /EHsc /RTC1 /MDd /GS /fp:precise /Zc:wchar_t /Zc:forScope /Yu"stdafx.h" /Fp"Debug\facade.pch" /Fo"Debug\\" /Fd"Debug\vc120.pdb" /Gd /TP /analyze- /errorReport:prompt main.cpp
         main.cpp
     1>f:\c++程序\designmode\facade\facade\tuner.h(15): error C2146: 语法错误: 缺少“;”(在标识符“amplifier”的前面)
     1>f:\c++程序\designmode\facade\facade\tuner.h(15): error C4430: 缺少类型说明符 - 假定为 int。注意:  C++ 不支持默认 int
     1>f:\c++程序\designmode\facade\facade\tuner.h(18): error C2061: 语法错误: 标识符“Amplifier”
     1>f:\c++程序\designmode\facade\facade\tuner.h(31): error C2782: “std::basic_string<_Elem,_Traits,_Alloc> std::operator +(std::basic_string<_Elem,_Traits,_Alloc> &&,const _Elem)”: 模板 参数“_Elem”不明确
                 c:\program files (x86)\microsoft visual studio 12.0\vc\include\xstring(2455) : 参见“std::operator +”的声明
                 可能是“double”
                 或       “char”
     1>f:\c++程序\designmode\facade\facade\tuner.h(31): error C2784: “std::basic_string<_Elem,_Traits,_Alloc> std::operator +(std::basic_string<_Elem,_Traits,_Alloc> &&,const _Elem *)”: 未能从“double”为“const _Elem *”推导 模板 参数
                 c:\program files (x86)\microsoft visual studio 12.0\vc\include\xstring(2445) : 参见“std::operator +”的声明
     1>f:\c++程序\designmode\facade\facade\tuner.h(31): error C2784: “std::basic_string<_Elem,_Traits,_Alloc> std::operator +(const _Elem,std::basic_string<_Elem,_Traits,_Alloc> &&)”: 未能从“double”为“std::basic_string<_Elem,_Traits,_Alloc> &&”推导 模板 参数
                 c:\program files (x86)\microsoft visual studio 12.0\vc\include\xstring(2435) : 参见“std::operator +”的声明
     1>f:\c++程序\designmode\facade\facade\tuner.h(31): error C2784: “std::basic_string<_Elem,_Traits,_Alloc> std::operator +(const _Elem *,std::basic_string<_Elem,_Traits,_Alloc> &&)”: 未能从“std::basic_string<char,std::char_traits<char>,std::allocator<char>>”为“const _Elem *”推导 模板 参数
                 c:\program files (x86)\microsoft visual studio 12.0\vc\include\xstring(2425) : 参见“std::operator +”的声明
     1>f:\c++程序\designmode\facade\facade\tuner.h(31): error C2784: “std::basic_string<_Elem,_Traits,_Alloc> std::operator +(std::basic_string<_Elem,_Traits,_Alloc> &&,std::basic_string<_Elem,_Traits,_Alloc> &&)”: 未能从“double”为“std::basic_string<_Elem,_Traits,_Alloc> &&”推导 模板 参数
                 c:\program files (x86)\microsoft visual studio 12.0\vc\include\xstring(2411) : 参见“std::operator +”的声明
     1>f:\c++程序\designmode\facade\facade\tuner.h(31): error C2784: “std::basic_string<_Elem,_Traits,_Alloc> std::operator +(std::basic_string<_Elem,_Traits,_Alloc> &&,const std::basic_string<_Elem,_Traits,_Alloc> &)”: 未能从“double”为“const std::basic_string<_Elem,_Traits,_Alloc> &”推导 模板 参数
                 c:\program files (x86)\microsoft visual studio 12.0\vc\include\xstring(2401) : 参见“std::operator +”的声明
     1>f:\c++程序\designmode\facade\facade\tuner.h(31): error C2784: “std::basic_string<_Elem,_Traits,_Alloc> std::operator +(const std::basic_string<_Elem,_Traits,_Alloc> &,std::basic_string<_Elem,_Traits,_Alloc> &&)”: 未能从“double”为“std::basic_string<_Elem,_Traits,_Alloc> &&”推导 模板 参数
                 c:\program files (x86)\microsoft visual studio 12.0\vc\include\xstring(2391) : 参见“std::operator +”的声明
     1>f:\c++程序\designmode\facade\facade\tuner.h(31): error C2782: “std::basic_string<_Elem,_Traits,_Alloc> std::operator +(const std::basic_string<_Elem,_Traits,_Alloc> &,const _Elem)”: 模板 参数“_Elem”不明确
                 c:\program files (x86)\microsoft visual studio 12.0\vc\include\xstring(2377) : 参见“std::operator +”的声明
                 可能是“double”
                 或       “char”
     1>f:\c++程序\designmode\facade\facade\tuner.h(31): error C2784: “std::basic_string<_Elem,_Traits,_Alloc> std::operator +(const std::basic_string<_Elem,_Traits,_Alloc> &,const _Elem *)”: 未能从“double”为“const _Elem *”推导 模板 参数
                 c:\program files (x86)\microsoft visual studio 12.0\vc\include\xstring(2363) : 参见“std::operator +”的声明
     1>f:\c++程序\designmode\facade\facade\tuner.h(31): error C2784: “std::basic_string<_Elem,_Traits,_Alloc> std::operator +(const _Elem,const std::basic_string<_Elem,_Traits,_Alloc> &)”: 未能从“double”为“const std::basic_string<_Elem,_Traits,_Alloc> &”推导 模板 参数
                 c:\program files (x86)\microsoft visual studio 12.0\vc\include\xstring(2349) : 参见“std::operator +”的声明
     1>f:\c++程序\designmode\facade\facade\tuner.h(31): error C2784: “std::basic_string<_Elem,_Traits,_Alloc> std::operator +(const _Elem *,const std::basic_string<_Elem,_Traits,_Alloc> &)”: 未能从“std::basic_string<char,std::char_traits<char>,std::allocator<char>>”为“const _Elem *”推导 模板 参数
                 c:\program files (x86)\microsoft visual studio 12.0\vc\include\xstring(2335) : 参见“std::operator +”的声明
     1>f:\c++程序\designmode\facade\facade\tuner.h(31): error C2784: “std::basic_string<_Elem,_Traits,_Alloc> std::operator +(const std::basic_string<_Elem,_Traits,_Alloc> &,const std::basic_string<_Elem,_Traits,_Alloc> &)”: 未能从“double”为“const std::basic_string<_Elem,_Traits,_Alloc> &”推导 模板 参数
                 c:\program files (x86)\microsoft visual studio 12.0\vc\include\xstring(2321) : 参见“std::operator +”的声明
     1>f:\c++程序\designmode\facade\facade\tuner.h(31): error C2784: “std::_String_iterator<_Mystr> std::operator +(_String_iterator<_Mystr>::difference_type,std::_String_iterator<_Mystr>)”: 未能从“double”为“std::_String_iterator<_Mystr>”推导 模板 参数
                 c:\program files (x86)\microsoft visual studio 12.0\vc\include\xstring(420) : 参见“std::operator +”的声明
     1>f:\c++程序\designmode\facade\facade\tuner.h(31): error C2784: “std::_String_const_iterator<_Mystr> std::operator +(_String_const_iterator<_Mystr>::difference_type,std::_String_const_iterator<_Mystr>)”: 未能从“double”为“std::_String_const_iterator<_Mystr>”推导 模板 参数
                 c:\program files (x86)\microsoft visual studio 12.0\vc\include\xstring(288) : 参见“std::operator +”的声明
     1>f:\c++程序\designmode\facade\facade\tuner.h(31): error C2784: “std::move_iterator<_RanIt> std::operator +(_Diff,const std::move_iterator<_RanIt> &)”: 未能从“double”为“const std::move_iterator<_RanIt> &”推导 模板 参数
                 c:\program files (x86)\microsoft visual studio 12.0\vc\include\xutility(1961) : 参见“std::operator +”的声明
     1>f:\c++程序\designmode\facade\facade\tuner.h(31): error C2784: “std::_Array_iterator<_Ty,_Size> std::operator +(_Array_iterator<_Ty,_Size>::difference_type,std::_Array_iterator<_Ty,_Size>)”: 未能从“double”为“std::_Array_iterator<_Ty,_Size>”推导 模板 参数
                 c:\program files (x86)\microsoft visual studio 12.0\vc\include\xutility(1815) : 参见“std::operator +”的声明
     1>f:\c++程序\designmode\facade\facade\tuner.h(31): error C2784: “std::_Array_const_iterator<_Ty,_Size> std::operator +(_Array_const_iterator<_Ty,_Size>::difference_type,std::_Array_const_iterator<_Ty,_Size>)”: 未能从“double”为“std::_Array_const_iterator<_Ty,_Size>”推导 模板 参数
                 c:\program files (x86)\microsoft visual studio 12.0\vc\include\xutility(1676) : 参见“std::operator +”的声明
     1>f:\c++程序\designmode\facade\facade\tuner.h(31): error C2784: “std::reverse_iterator<_RanIt> std::operator +(_Diff,const std::reverse_iterator<_RanIt> &)”: 未能从“double”为“const std::reverse_iterator<_RanIt> &”推导 模板 参数
                 c:\program files (x86)\microsoft visual studio 12.0\vc\include\xutility(1122) : 参见“std::operator +”的声明
     1>f:\c++程序\designmode\facade\facade\tuner.h(31): error C2784: “std::_Revranit<_RanIt,_Base> std::operator +(_Diff,const std::_Revranit<_RanIt,_Base> &)”: 未能从“double”为“const std::_Revranit<_RanIt,_Base> &”推导 模板 参数
                 c:\program files (x86)\microsoft visual studio 12.0\vc\include\xutility(927) : 参见“std::operator +”的声明
     1>f:\c++程序\designmode\facade\facade\tuner.h(31): error C2676: 二进制“+”:“std::basic_string<char,std::char_traits<char>,std::allocator<char>>”不定义该运算符或到预定义运算符可接收的类型的转换
     1>f:\c++程序\designmode\facade\facade\dvdplayer.h(11): error C2146: 语法错误: 缺少“;”(在标识符“amplifier”的前面)
     1>f:\c++程序\designmode\facade\facade\dvdplayer.h(11): error C4430: 缺少类型说明符 - 假定为 int。注意:  C++ 不支持默认 int
     1>f:\c++程序\designmode\facade\facade\dvdplayer.h(15): error C2061: 语法错误: 标识符“Amplifier”
     1>f:\c++程序\designmode\facade\facade\dvdplayer.h(17): error C2039: “amplifier”: 不是“DVDplayer”的成员
                 f:\c++程序\designmode\facade\facade\dvdplayer.h(7) : 参见“DVDplayer”的声明
     1>f:\c++程序\designmode\facade\facade\dvdplayer.h(17): error C2065: “amplifier”: 未声明的标识符
     1>f:\c++程序\designmode\facade\facade\dvdplayer.h(42): error C2782: “std::basic_string<_Elem,_Traits,_Alloc> std::operator +(std::basic_string<_Elem,_Traits,_Alloc> &&,const _Elem)”: 模板 参数“_Elem”不明确
                 c:\program files (x86)\microsoft visual studio 12.0\vc\include\xstring(2455) : 参见“std::operator +”的声明
                 可能是“int”
                 或       “char”
     1>f:\c++程序\designmode\facade\facade\dvdplayer.h(42): error C2784: “std::basic_string<_Elem,_Traits,_Alloc> std::operator +(std::basic_string<_Elem,_Traits,_Alloc> &&,const _Elem *)”: 未能从“int”为“const _Elem *”推导 模板 参数
                 c:\program files (x86)\microsoft visual studio 12.0\vc\include\xstring(2445) : 参见“std::operator +”的声明
     1>f:\c++程序\designmode\facade\facade\dvdplayer.h(42): error C2784: “std::basic_string<_Elem,_Traits,_Alloc> std::operator +(const _Elem,std::basic_string<_Elem,_Traits,_Alloc> &&)”: 未能从“int”为“std::basic_string<_Elem,_Traits,_Alloc> &&”推导 模板 参数
                 c:\program files (x86)\microsoft visual studio 12.0\vc\include\xstring(2435) : 参见“std::operator +”的声明
     1>f:\c++程序\designmode\facade\facade\dvdplayer.h(42): error C2784: “std::basic_string<_Elem,_Traits,_Alloc> std::operator +(const _Elem *,std::basic_string<_Elem,_Traits,_Alloc> &&)”: 未能从“std::basic_string<char,std::char_traits<char>,std::allocator<char>>”为“const _Elem *”推导 模板 参数
                 c:\program files (x86)\microsoft visual studio 12.0\vc\include\xstring(2425) : 参见“std::operator +”的声明
     1>f:\c++程序\designmode\facade\facade\dvdplayer.h(42): error C2784: “std::basic_string<_Elem,_Traits,_Alloc> std::operator +(std::basic_string<_Elem,_Traits,_Alloc> &&,std::basic_string<_Elem,_Traits,_Alloc> &&)”: 未能从“int”为“std::basic_string<_Elem,_Traits,_Alloc> &&”推导 模板 参数
                 c:\program files (x86)\microsoft visual studio 12.0\vc\include\xstring(2411) : 参见“std::operator +”的声明
     1>f:\c++程序\designmode\facade\facade\dvdplayer.h(42): error C2784: “std::basic_string<_Elem,_Traits,_Alloc> std::operator +(std::basic_string<_Elem,_Traits,_Alloc> &&,const std::basic_string<_Elem,_Traits,_Alloc> &)”: 未能从“int”为“const std::basic_string<_Elem,_Traits,_Alloc> &”推导 模板 参数
                 c:\program files (x86)\microsoft visual studio 12.0\vc\include\xstring(2401) : 参见“std::operator +”的声明
     1>f:\c++程序\designmode\facade\facade\dvdplayer.h(42): error C2784: “std::basic_string<_Elem,_Traits,_Alloc> std::operator +(const std::basic_string<_Elem,_Traits,_Alloc> &,std::basic_string<_Elem,_Traits,_Alloc> &&)”: 未能从“int”为“std::basic_string<_Elem,_Traits,_Alloc> &&”推导 模板 参数
                 c:\program files (x86)\microsoft visual studio 12.0\vc\include\xstring(2391) : 参见“std::operator +”的声明
     1>f:\c++程序\designmode\facade\facade\dvdplayer.h(42): error C2782: “std::basic_string<_Elem,_Traits,_Alloc> std::operator +(const std::basic_string<_Elem,_Traits,_Alloc> &,const _Elem)”: 模板 参数“_Elem”不明确
                 c:\program files (x86)\microsoft visual studio 12.0\vc\include\xstring(2377) : 参见“std::operator +”的声明
                 可能是“int”
                 或       “char”
     1>f:\c++程序\designmode\facade\facade\dvdplayer.h(42): error C2784: “std::basic_string<_Elem,_Traits,_Alloc> std::operator +(const std::basic_string<_Elem,_Traits,_Alloc> &,const _Elem *)”: 未能从“int”为“const _Elem *”推导 模板 参数
                 c:\program files (x86)\microsoft visual studio 12.0\vc\include\xstring(2363) : 参见“std::operator +”的声明
     1>f:\c++程序\designmode\facade\facade\dvdplayer.h(42): error C2784: “std::basic_string<_Elem,_Traits,_Alloc> std::operator +(const _Elem,const std::basic_string<_Elem,_Traits,_Alloc> &)”: 未能从“int”为“const std::basic_string<_Elem,_Traits,_Alloc> &”推导 模板 参数
                 c:\program files (x86)\microsoft visual studio 12.0\vc\include\xstring(2349) : 参见“std::operator +”的声明
     1>f:\c++程序\designmode\facade\facade\dvdplayer.h(42): error C2784: “std::basic_string<_Elem,_Traits,_Alloc> std::operator +(const _Elem *,const std::basic_string<_Elem,_Traits,_Alloc> &)”: 未能从“std::basic_string<char,std::char_traits<char>,std::allocator<char>>”为“const _Elem *”推导 模板 参数
                 c:\program files (x86)\microsoft visual studio 12.0\vc\include\xstring(2335) : 参见“std::operator +”的声明
     1>f:\c++程序\designmode\facade\facade\dvdplayer.h(42): error C2784: “std::basic_string<_Elem,_Traits,_Alloc> std::operator +(const std::basic_string<_Elem,_Traits,_Alloc> &,const std::basic_string<_Elem,_Traits,_Alloc> &)”: 未能从“int”为“const std::basic_string<_Elem,_Traits,_Alloc> &”推导 模板 参数
                 c:\program files (x86)\microsoft visual studio 12.0\vc\include\xstring(2321) : 参见“std::operator +”的声明
     1>f:\c++程序\designmode\facade\facade\dvdplayer.h(42): error C2784: “std::_String_iterator<_Mystr> std::operator +(_String_iterator<_Mystr>::difference_type,std::_String_iterator<_Mystr>)”: 未能从“int”为“std::_String_iterator<_Mystr>”推导 模板 参数
                 c:\program files (x86)\microsoft visual studio 12.0\vc\include\xstring(420) : 参见“std::operator +”的声明
     1>f:\c++程序\designmode\facade\facade\dvdplayer.h(42): error C2784: “std::_String_const_iterator<_Mystr> std::operator +(_String_const_iterator<_Mystr>::difference_type,std::_String_const_iterator<_Mystr>)”: 未能从“int”为“std::_String_const_iterator<_Mystr>”推导 模板 参数
                 c:\program files (x86)\microsoft visual studio 12.0\vc\include\xstring(288) : 参见“std::operator +”的声明
     1>f:\c++程序\designmode\facade\facade\dvdplayer.h(42): error C2784: “std::move_iterator<_RanIt> std::operator +(_Diff,const std::move_iterator<_RanIt> &)”: 未能从“int”为“const std::move_iterator<_RanIt> &”推导 模板 参数
                 c:\program files (x86)\microsoft visual studio 12.0\vc\include\xutility(1961) : 参见“std::operator +”的声明
     1>f:\c++程序\designmode\facade\facade\dvdplayer.h(42): error C2784: “std::_Array_iterator<_Ty,_Size> std::operator +(_Array_iterator<_Ty,_Size>::difference_type,std::_Array_iterator<_Ty,_Size>)”: 未能从“int”为“std::_Array_iterator<_Ty,_Size>”推导 模板 参数
                 c:\program files (x86)\microsoft visual studio 12.0\vc\include\xutility(1815) : 参见“std::operator +”的声明
     1>f:\c++程序\designmode\facade\facade\dvdplayer.h(42): error C2784: “std::_Array_const_iterator<_Ty,_Size> std::operator +(_Array_const_iterator<_Ty,_Size>::difference_type,std::_Array_const_iterator<_Ty,_Size>)”: 未能从“int”为“std::_Array_const_iterator<_Ty,_Size>”推导 模板 参数
                 c:\program files (x86)\microsoft visual studio 12.0\vc\include\xutility(1676) : 参见“std::operator +”的声明
     1>f:\c++程序\designmode\facade\facade\dvdplayer.h(42): error C2784: “std::reverse_iterator<_RanIt> std::operator +(_Diff,const std::reverse_iterator<_RanIt> &)”: 未能从“int”为“const std::reverse_iterator<_RanIt> &”推导 模板 参数
                 c:\program files (x86)\microsoft visual studio 12.0\vc\include\xutility(1122) : 参见“std::operator +”的声明
     1>f:\c++程序\designmode\facade\facade\dvdplayer.h(42): error C2784: “std::_Revranit<_RanIt,_Base> std::operator +(_Diff,const std::_Revranit<_RanIt,_Base> &)”: 未能从“int”为“const std::_Revranit<_RanIt,_Base> &”推导 模板 参数
                 c:\program files (x86)\microsoft visual studio 12.0\vc\include\xutility(927) : 参见“std::operator +”的声明
     1>f:\c++程序\designmode\facade\facade\dvdplayer.h(42): error C2676: 二进制“+”:“std::basic_string<char,std::char_traits<char>,std::allocator<char>>”不定义该运算符或到预定义运算符可接收的类型的转换
     1>f:\c++程序\designmode\facade\facade\dvdplayer.h(46): error C2782: “std::basic_string<_Elem,_Traits,_Alloc> std::operator +(std::basic_string<_Elem,_Traits,_Alloc> &&,const _Elem)”: 模板 参数“_Elem”不明确
                 c:\program files (x86)\microsoft visual studio 12.0\vc\include\xstring(2455) : 参见“std::operator +”的声明
                 可能是“int”
                 或       “char”
     1>f:\c++程序\designmode\facade\facade\dvdplayer.h(46): error C2784: “std::basic_string<_Elem,_Traits,_Alloc> std::operator +(std::basic_string<_Elem,_Traits,_Alloc> &&,const _Elem *)”: 未能从“int”为“const _Elem *”推导 模板 参数
                 c:\program files (x86)\microsoft visual studio 12.0\vc\include\xstring(2445) : 参见“std::operator +”的声明
     1>f:\c++程序\designmode\facade\facade\dvdplayer.h(46): error C2784: “std::basic_string<_Elem,_Traits,_Alloc> std::operator +(const _Elem,std::basic_string<_Elem,_Traits,_Alloc> &&)”: 未能从“int”为“std::basic_string<_Elem,_Traits,_Alloc> &&”推导 模板 参数
                 c:\program files (x86)\microsoft visual studio 12.0\vc\include\xstring(2435) : 参见“std::operator +”的声明
     1>f:\c++程序\designmode\facade\facade\dvdplayer.h(46): error C2784: “std::basic_string<_Elem,_Traits,_Alloc> std::operator +(const _Elem *,std::basic_string<_Elem,_Traits,_Alloc> &&)”: 未能从“std::basic_string<char,std::char_traits<char>,std::allocator<char>>”为“const _Elem *”推导 模板 参数
                 c:\program files (x86)\microsoft visual studio 12.0\vc\include\xstring(2425) : 参见“std::operator +”的声明
     1>f:\c++程序\designmode\facade\facade\dvdplayer.h(46): error C2784: “std::basic_string<_Elem,_Traits,_Alloc> std::operator +(std::basic_string<_Elem,_Traits,_Alloc> &&,std::basic_string<_Elem,_Traits,_Alloc> &&)”: 未能从“int”为“std::basic_string<_Elem,_Traits,_Alloc> &&”推导 模板 参数
                 c:\program files (x86)\microsoft visual studio 12.0\vc\include\xstring(2411) : 参见“std::operator +”的声明
     1>f:\c++程序\designmode\facade\facade\dvdplayer.h(46): error C2784: “std::basic_string<_Elem,_Traits,_Alloc> std::operator +(std::basic_string<_Elem,_Traits,_Alloc> &&,const std::basic_string<_Elem,_Traits,_Alloc> &)”: 未能从“int”为“const std::basic_string<_Elem,_Traits,_Alloc> &”推导 模板 参数
                 c:\program files (x86)\microsoft visual studio 12.0\vc\include\xstring(2401) : 参见“std::operator +”的声明
     1>f:\c++程序\designmode\facade\facade\dvdplayer.h(46): error C2784: “std::basic_string<_Elem,_Traits,_Alloc> std::operator +(const std::basic_string<_Elem,_Traits,_Alloc> &,std::basic_string<_Elem,_Traits,_Alloc> &&)”: 未能从“int”为“std::basic_string<_Elem,_Traits,_Alloc> &&”推导 模板 参数
                 c:\program files (x86)\microsoft visual studio 12.0\vc\include\xstring(2391) : 参见“std::operator +”的声明
     1>f:\c++程序\designmode\facade\facade\dvdplayer.h(46): error C2782: “std::basic_string<_Elem,_Traits,_Alloc> std::operator +(const std::basic_string<_Elem,_Traits,_Alloc> &,const _Elem)”: 模板 参数“_Elem”不明确
                 c:\program files (x86)\microsoft visual studio 12.0\vc\include\xstring(2377) : 参见“std::operator +”的声明
                 可能是“int”
                 或       “char”
     1>f:\c++程序\designmode\facade\facade\dvdplayer.h(46): error C2784: “std::basic_string<_Elem,_Traits,_Alloc> std::operator +(const std::basic_string<_Elem,_Traits,_Alloc> &,const _Elem *)”: 未能从“int”为“const _Elem *”推导 模板 参数
                 c:\program files (x86)\microsoft visual studio 12.0\vc\include\xstring(2363) : 参见“std::operator +”的声明
     1>f:\c++程序\designmode\facade\facade\dvdplayer.h(46): error C2784: “std::basic_string<_Elem,_Traits,_Alloc> std::operator +(const _Elem,const std::basic_string<_Elem,_Traits,_Alloc> &)”: 未能从“int”为“const std::basic_string<_Elem,_Traits,_Alloc> &”推导 模板 参数
                 c:\program files (x86)\microsoft visual studio 12.0\vc\include\xstring(2349) : 参见“std::operator +”的声明
     1>f:\c++程序\designmode\facade\facade\dvdplayer.h(46): error C2784: “std::basic_string<_Elem,_Traits,_Alloc> std::operator +(const _Elem *,const std::basic_string<_Elem,_Traits,_Alloc> &)”: 未能从“std::basic_string<char,std::char_traits<char>,std::allocator<char>>”为“const _Elem *”推导 模板 参数
                 c:\program files (x86)\microsoft visual studio 12.0\vc\include\xstring(2335) : 参见“std::operator +”的声明
     1>f:\c++程序\designmode\facade\facade\dvdplayer.h(46): error C2784: “std::basic_string<_Elem,_Traits,_Alloc> std::operator +(const std::basic_string<_Elem,_Traits,_Alloc> &,const std::basic_string<_Elem,_Traits,_Alloc> &)”: 未能从“int”为“const std::basic_string<_Elem,_Traits,_Alloc> &”推导 模板 参数
                 c:\program files (x86)\microsoft visual studio 12.0\vc\include\xstring(2321) : 参见“std::operator +”的声明
     1>f:\c++程序\designmode\facade\facade\dvdplayer.h(46): error C2784: “std::_String_iterator<_Mystr> std::operator +(_String_iterator<_Mystr>::difference_type,std::_String_iterator<_Mystr>)”: 未能从“int”为“std::_String_iterator<_Mystr>”推导 模板 参数
                 c:\program files (x86)\microsoft visual studio 12.0\vc\include\xstring(420) : 参见“std::operator +”的声明
     1>f:\c++程序\designmode\facade\facade\dvdplayer.h(46): error C2784: “std::_String_const_iterator<_Mystr> std::operator +(_String_const_iterator<_Mystr>::difference_type,std::_String_const_iterator<_Mystr>)”: 未能从“int”为“std::_String_const_iterator<_Mystr>”推导 模板 参数
                 c:\program files (x86)\microsoft visual studio 12.0\vc\include\xstring(288) : 参见“std::operator +”的声明
     1>f:\c++程序\designmode\facade\facade\dvdplayer.h(46): error C2784: “std::move_iterator<_RanIt> std::operator +(_Diff,const std::move_iterator<_RanIt> &)”: 未能从“int”为“const std::move_iterator<_RanIt> &”推导 模板 参数
                 c:\program files (x86)\microsoft visual studio 12.0\vc\include\xutility(1961) : 参见“std::operator +”的声明
     1>f:\c++程序\designmode\facade\facade\dvdplayer.h(46): error C2784: “std::_Array_iterator<_Ty,_Size> std::operator +(_Array_iterator<_Ty,_Size>::difference_type,std::_Array_iterator<_Ty,_Size>)”: 未能从“int”为“std::_Array_iterator<_Ty,_Size>”推导 模板 参数
                 c:\program files (x86)\microsoft visual studio 12.0\vc\include\xutility(1815) : 参见“std::operator +”的声明
     1>f:\c++程序\designmode\facade\facade\dvdplayer.h(46): error C2784: “std::_Array_const_iterator<_Ty,_Size> std::operator +(_Array_const_iterator<_Ty,_Size>::difference_type,std::_Array_const_iterator<_Ty,_Size>)”: 未能从“int”为“std::_Array_const_iterator<_Ty,_Size>”推导 模板 参数
                 c:\program files (x86)\microsoft visual studio 12.0\vc\include\xutility(1676) : 参见“std::operator +”的声明
     1>f:\c++程序\designmode\facade\facade\dvdplayer.h(46): error C2784: “std::reverse_iterator<_RanIt> std::operator +(_Diff,const std::reverse_iterator<_RanIt> &)”: 未能从“int”为“const std::reverse_iterator<_RanIt> &”推导 模板 参数
                 c:\program files (x86)\microsoft visual studio 12.0\vc\include\xutility(1122) : 参见“std::operator +”的声明
     1>f:\c++程序\designmode\facade\facade\dvdplayer.h(46): error C2784: “std::_Revranit<_RanIt,_Base> std::operator +(_Diff,const std::_Revranit<_RanIt,_Base> &)”: 未能从“int”为“const std::_Revranit<_RanIt,_Base> &”推导 模板 参数
                 c:\program files (x86)\microsoft visual studio 12.0\vc\include\xutility(927) : 参见“std::operator +”的声明
     1>f:\c++程序\designmode\facade\facade\dvdplayer.h(46): error C2676: 二进制“+”:“std::basic_string<char,std::char_traits<char>,std::allocator<char>>”不定义该运算符或到预定义运算符可接收的类型的转换
     1>f:\c++程序\designmode\facade\facade\cdplayer.h(14): error C2146: 语法错误: 缺少“;”(在标识符“amplifier”的前面)
     1>f:\c++程序\designmode\facade\facade\cdplayer.h(14): error C4430: 缺少类型说明符 - 假定为 int。注意:  C++ 不支持默认 int
     1>f:\c++程序\designmode\facade\facade\cdplayer.h(18): error C2061: 语法错误: 标识符“Amplifier”
     1>f:\c++程序\designmode\facade\facade\cdplayer.h(21): error C2039: “amplifier”: 不是“CDplayer”的成员
                 f:\c++程序\designmode\facade\facade\cdplayer.h(8) : 参见“CDplayer”的声明
     1>f:\c++程序\designmode\facade\facade\cdplayer.h(21): error C2065: “amplifier”: 未声明的标识符
     1>f:\c++程序\designmode\facade\facade\theaterlights.h(28): error C2782: “std::basic_string<_Elem,_Traits,_Alloc> std::operator +(std::basic_string<_Elem,_Traits,_Alloc> &&,const _Elem)”: 模板 参数“_Elem”不明确
                 c:\program files (x86)\microsoft visual studio 12.0\vc\include\xstring(2455) : 参见“std::operator +”的声明
                 可能是“int”
                 或       “char”
     1>f:\c++程序\designmode\facade\facade\theaterlights.h(28): error C2784: “std::basic_string<_Elem,_Traits,_Alloc> std::operator +(std::basic_string<_Elem,_Traits,_Alloc> &&,const _Elem *)”: 未能从“int”为“const _Elem *”推导 模板 参数
                 c:\program files (x86)\microsoft visual studio 12.0\vc\include\xstring(2445) : 参见“std::operator +”的声明
     1>f:\c++程序\designmode\facade\facade\theaterlights.h(28): error C2784: “std::basic_string<_Elem,_Traits,_Alloc> std::operator +(const _Elem,std::basic_string<_Elem,_Traits,_Alloc> &&)”: 未能从“int”为“std::basic_string<_Elem,_Traits,_Alloc> &&”推导 模板 参数
                 c:\program files (x86)\microsoft visual studio 12.0\vc\include\xstring(2435) : 参见“std::operator +”的声明
     1>f:\c++程序\designmode\facade\facade\theaterlights.h(28): error C2784: “std::basic_string<_Elem,_Traits,_Alloc> std::operator +(const _Elem *,std::basic_string<_Elem,_Traits,_Alloc> &&)”: 未能从“std::basic_string<char,std::char_traits<char>,std::allocator<char>>”为“const _Elem *”推导 模板 参数
                 c:\program files (x86)\microsoft visual studio 12.0\vc\include\xstring(2425) : 参见“std::operator +”的声明
     1>f:\c++程序\designmode\facade\facade\theaterlights.h(28): error C2784: “std::basic_string<_Elem,_Traits,_Alloc> std::operator +(std::basic_string<_Elem,_Traits,_Alloc> &&,std::basic_string<_Elem,_Traits,_Alloc> &&)”: 未能从“int”为“std::basic_string<_Elem,_Traits,_Alloc> &&”推导 模板 参数
                 c:\program files (x86)\microsoft visual studio 12.0\vc\include\xstring(2411) : 参见“std::operator +”的声明
     1>f:\c++程序\designmode\facade\facade\theaterlights.h(28): error C2784: “std::basic_string<_Elem,_Traits,_Alloc> std::operator +(std::basic_string<_Elem,_Traits,_Alloc> &&,const std::basic_string<_Elem,_Traits,_Alloc> &)”: 未能从“int”为“const std::basic_string<_Elem,_Traits,_Alloc> &”推导 模板 参数
                 c:\program files (x86)\microsoft visual studio 12.0\vc\include\xstring(2401) : 参见“std::operator +”的声明
     1>f:\c++程序\designmode\facade\facade\theaterlights.h(28): error C2784: “std::basic_string<_Elem,_Traits,_Alloc> std::operator +(const std::basic_string<_Elem,_Traits,_Alloc> &,std::basic_string<_Elem,_Traits,_Alloc> &&)”: 未能从“int”为“std::basic_string<_Elem,_Traits,_Alloc> &&”推导 模板 参数
                 c:\program files (x86)\microsoft visual studio 12.0\vc\include\xstring(2391) : 参见“std::operator +”的声明
     1>f:\c++程序\designmode\facade\facade\theaterlights.h(28): error C2782: “std::basic_string<_Elem,_Traits,_Alloc> std::operator +(const std::basic_string<_Elem,_Traits,_Alloc> &,const _Elem)”: 模板 参数“_Elem”不明确
                 c:\program files (x86)\microsoft visual studio 12.0\vc\include\xstring(2377) : 参见“std::operator +”的声明
                 可能是“int”
                 或       “char”
     1>f:\c++程序\designmode\facade\facade\theaterlights.h(28): error C2784: “std::basic_string<_Elem,_Traits,_Alloc> std::operator +(const std::basic_string<_Elem,_Traits,_Alloc> &,const _Elem *)”: 未能从“int”为“const _Elem *”推导 模板 参数
                 c:\program files (x86)\microsoft visual studio 12.0\vc\include\xstring(2363) : 参见“std::operator +”的声明
     1>f:\c++程序\designmode\facade\facade\theaterlights.h(28): error C2784: “std::basic_string<_Elem,_Traits,_Alloc> std::operator +(const _Elem,const std::basic_string<_Elem,_Traits,_Alloc> &)”: 未能从“int”为“const std::basic_string<_Elem,_Traits,_Alloc> &”推导 模板 参数
                 c:\program files (x86)\microsoft visual studio 12.0\vc\include\xstring(2349) : 参见“std::operator +”的声明
     1>f:\c++程序\designmode\facade\facade\theaterlights.h(28): error C2784: “std::basic_string<_Elem,_Traits,_Alloc> std::operator +(const _Elem *,const std::basic_string<_Elem,_Traits,_Alloc> &)”: 未能从“std::basic_string<char,std::char_traits<char>,std::allocator<char>>”为“const _Elem *”推导 模板 参数
                 c:\program files (x86)\microsoft visual studio 12.0\vc\include\xstring(2335) : 参见“std::operator +”的声明
     1>f:\c++程序\designmode\facade\facade\theaterlights.h(28): error C2784: “std::basic_string<_Elem,_Traits,_Alloc> std::operator +(const std::basic_string<_Elem,_Traits,_Alloc> &,const std::basic_string<_Elem,_Traits,_Alloc> &)”: 未能从“int”为“const std::basic_string<_Elem,_Traits,_Alloc> &”推导 模板 参数
                 c:\program files (x86)\microsoft visual studio 12.0\vc\include\xstring(2321) : 参见“std::operator +”的声明
     1>f:\c++程序\designmode\facade\facade\theaterlights.h(28): error C2784: “std::_String_iterator<_Mystr> std::operator +(_String_iterator<_Mystr>::difference_type,std::_String_iterator<_Mystr>)”: 未能从“int”为“std::_String_iterator<_Mystr>”推导 模板 参数
                 c:\program files (x86)\microsoft visual studio 12.0\vc\include\xstring(420) : 参见“std::operator +”的声明
     1>f:\c++程序\designmode\facade\facade\theaterlights.h(28): error C2784: “std::_String_const_iterator<_Mystr> std::operator +(_String_const_iterator<_Mystr>::difference_type,std::_String_const_iterator<_Mystr>)”: 未能从“int”为“std::_String_const_iterator<_Mystr>”推导 模板 参数
                 c:\program files (x86)\microsoft visual studio 12.0\vc\include\xstring(288) : 参见“std::operator +”的声明
     1>f:\c++程序\designmode\facade\facade\theaterlights.h(28): error C2784: “std::move_iterator<_RanIt> std::operator +(_Diff,const std::move_iterator<_RanIt> &)”: 未能从“int”为“const std::move_iterator<_RanIt> &”推导 模板 参数
                 c:\program files (x86)\microsoft visual studio 12.0\vc\include\xutility(1961) : 参见“std::operator +”的声明
     1>f:\c++程序\designmode\facade\facade\theaterlights.h(28): error C2784: “std::_Array_iterator<_Ty,_Size> std::operator +(_Array_iterator<_Ty,_Size>::difference_type,std::_Array_iterator<_Ty,_Size>)”: 未能从“int”为“std::_Array_iterator<_Ty,_Size>”推导 模板 参数
                 c:\program files (x86)\microsoft visual studio 12.0\vc\include\xutility(1815) : 参见“std::operator +”的声明
     1>f:\c++程序\designmode\facade\facade\theaterlights.h(28): error C2784: “std::_Array_const_iterator<_Ty,_Size> std::operator +(_Array_const_iterator<_Ty,_Size>::difference_type,std::_Array_const_iterator<_Ty,_Size>)”: 未能从“int”为“std::_Array_const_iterator<_Ty,_Size>”推导 模板 参数
                 c:\program files (x86)\microsoft visual studio 12.0\vc\include\xutility(1676) : 参见“std::operator +”的声明
     1>f:\c++程序\designmode\facade\facade\theaterlights.h(28): error C2784: “std::reverse_iterator<_RanIt> std::operator +(_Diff,const std::reverse_iterator<_RanIt> &)”: 未能从“int”为“const std::reverse_iterator<_RanIt> &”推导 模板 参数
                 c:\program files (x86)\microsoft visual studio 12.0\vc\include\xutility(1122) : 参见“std::operator +”的声明
     1>f:\c++程序\designmode\facade\facade\theaterlights.h(28): error C2784: “std::_Revranit<_RanIt,_Base> std::operator +(_Diff,const std::_Revranit<_RanIt,_Base> &)”: 未能从“int”为“const std::_Revranit<_RanIt,_Base> &”推导 模板 参数
                 c:\program files (x86)\microsoft visual studio 12.0\vc\include\xutility(927) : 参见“std::operator +”的声明
     1>f:\c++程序\designmode\facade\facade\theaterlights.h(28): error C2676: 二进制“+”:“std::basic_string<char,std::char_traits<char>,std::allocator<char>>”不定义该运算符或到预定义运算符可接收的类型的转换
     1>f:\c++程序\designmode\facade\facade\main.cpp(13): error C2661: “Tuner::Tuner”: 没有重载函数接受 2 个参数
     1>f:\c++程序\designmode\facade\facade\main.cpp(14): error C2661: “DVDplayer::DVDplayer”: 没有重载函数接受 2 个参数
     1>f:\c++程序\designmode\facade\facade\main.cpp(15): error C2661: “CDplayer::CDplayer”: 没有重载函数接受 2 个参数
     1>已完成生成项目“F:\C++程序\DesignMode\facade\facade\facade.vcxproj”(Build 个目标)的操作 - 失败。

生成失败。

已用时间 00:00:01.46
